[debug] > Exec(early(addDefaultCommands), None, None)
[debug] > Exec(addDefaultCommands, None, None)
[debug] > Exec(early(initialize), None, None)
[debug] > Exec(initialize, None, None)
[debug] > Exec(early(addPluginSbtFile="""C:\Users\alfre\AppData\Local\Temp\idea.sbt"""), None, None)
[debug] > Exec(addPluginSbtFile="""C:\Users\alfre\AppData\Local\Temp\idea.sbt""", None, None)
[debug] > Exec(boot, None, None)
[debug] > Exec(writeSbtVersion, None, None)
[debug] > Exec(reload, None, None)
[debug] > Exec(sbtStashOnFailure, None, None)
[debug] > Exec(onFailure loadFailed, None, None)
[debug] > Exec(loadp, None, None)
[info] welcome to sbt 1.4.1 (Oracle Corporation Java 1.8.0_261)
[debug]       Load.loadUnit: plugins took 645.9403ms
[debug]       Load.loadUnit: defsScala took 0.4572ms
[debug] [Loading] Scanning directory C:\Users\alfre\.sbt\1.0\plugins
[debug] [Loading] Found non-root projects 
[debug] [Loading] Done in C:\Users\alfre\.sbt\1.0\plugins, returning: ()
[debug] deducing auto plugins based on known facts Set(Atom(sbt.plugins.CorePlugin)) and clauses Clauses(List(Clause(Atom(sbt.plugins.JvmPlugin),Set(Atom(sbt.plugins.IvyPlugin))), Clause(Atom(sbt.ScriptedPlugin),Set(Atom(sbt.plugins.JvmPlugin))), Clause(Atom(sbt.plugins.SbtPlugin),Set(Atom(sbt.ScriptedPlugin))), Clause(Atom(sbt.plugins.SemanticdbPlugin),Set(Atom(sbt.plugins.JvmPlugin))), Clause(Atom(sbt.plugins.JUnitXmlReportPlugin),Set(Atom(sbt.plugins.JvmPlugin))), Clause(Atom(sbt.plugins.MiniDependencyTreePlugin),Set(Atom(sbt.plugins.JvmPlugin))), Clause(Atom(sbt.plugins.CorePlugin),Set(Atom(sbt.plugins.IvyPlugin))), Clause(Atom(sbt.plugins.IvyPlugin),Set(Atom(sbt.plugins.JvmPlugin))), Clause(Atom(sbt.plugins.JvmPlugin),Set(Atom(sbt.plugins.SemanticdbPlugin))), Clause(Atom(sbt.plugins.JvmPlugin),Set(Atom(sbt.plugins.JUnitXmlReportPlugin))), Clause(Atom(sbt.plugins.CorePlugin),Set(Atom(sbt.plugins.Giter8TemplatePlugin))), Clause(Atom(sbt.plugins.JvmPlugin),Set(Atom(sbt.plugins.MiniDependencyTreePlugin)))))
[debug]   :: deduced result: Matched(sbt.plugins.CorePlugin,sbt.plugins.Giter8TemplatePlugin,sbt.plugins.IvyPlugin,sbt.plugins.JvmPlugin,sbt.plugins.MiniDependencyTreePlugin,sbt.plugins.JUnitXmlReportPlugin,sbt.plugins.SemanticdbPlugin)
[debug] Plugins.deducer#function took 50.4158 ms
[debug]           Load.resolveProject(global-plugins) took 89.4738ms
[debug]         Load.loadTransitive: finalizeProject(Project(id global-plugins, base: C:\Users\alfre\.sbt\1.0\plugins, plugins: List(<none>))) took 194.7895ms
[debug] [Loading] Done in C:\Users\alfre\.sbt\1.0\plugins, returning: (global-plugins)
[debug]       Load.loadUnit: loadedProjectsRaw took 249.0512ms
[debug]       Load.loadUnit: cleanEvalClasses took 0.3675ms
[debug]     Load.loadUnit(file:/C:/Users/alfre/.sbt/1.0/plugins/, ...) took 911.047ms
[debug]   Load.apply: load took 1376.2902ms
[debug]   Load.apply: resolveProjects took 26.2774ms
[debug]   Load.apply: finalTransforms took 135.0298ms
[debug]   Load.apply: config.delegates took 14.276ms
[debug]   Load.apply: Def.make(settings)... took 1593.7183ms
[debug]   Load.apply: structureIndex took 178.1626ms
[debug]   Load.apply: mkStreams took 2.9851ms
[info] loading global plugins from C:\Users\alfre\.sbt\1.0\plugins
[debug] Running task... Cancel: Signal, check cycles: false, forcegc: true
[debug] Load.defaultLoad until apply took 6019.5711ms
[debug]           Load.loadUnit: plugins took 45.9958ms
[debug]           Load.loadUnit: defsScala took 0.0034ms
[debug] [Loading] Scanning directory D:\OneDrive - The University of Texas at Dallas\Fall\Fall 2020\CS 6350.002\Assignments\Assignment 2 (Attempt 2)\project
[debug]             Load.loadUnit: mkEval took 8.8879ms
[debug] [Loading] Found non-root projects 
[debug] [Loading] Done in D:\OneDrive - The University of Texas at Dallas\Fall\Fall 2020\CS 6350.002\Assignments\Assignment 2 (Attempt 2)\project, returning: ()
[debug] deducing auto plugins based on known facts Set(Atom(sbt.plugins.CorePlugin)) and clauses Clauses(List(Clause(Atom(sbt.plugins.JvmPlugin),Set(Atom(sbt.plugins.IvyPlugin))), Clause(Atom(sbt.ScriptedPlugin),Set(Atom(sbt.plugins.JvmPlugin))), Clause(Atom(sbt.plugins.SbtPlugin),Set(Atom(sbt.ScriptedPlugin))), Clause(Atom(sbt.plugins.SemanticdbPlugin),Set(Atom(sbt.plugins.JvmPlugin))), Clause(Atom(sbt.plugins.JUnitXmlReportPlugin),Set(Atom(sbt.plugins.JvmPlugin))), Clause(Atom(sbt.plugins.MiniDependencyTreePlugin),Set(Atom(sbt.plugins.JvmPlugin))), Clause(Atom(sbt.plugins.CorePlugin),Set(Atom(sbt.plugins.IvyPlugin))), Clause(Atom(sbt.plugins.IvyPlugin),Set(Atom(sbt.plugins.JvmPlugin))), Clause(Atom(sbt.plugins.JvmPlugin),Set(Atom(sbt.plugins.SemanticdbPlugin))), Clause(Atom(sbt.plugins.JvmPlugin),Set(Atom(sbt.plugins.JUnitXmlReportPlugin))), Clause(Atom(sbt.plugins.CorePlugin),Set(Atom(sbt.plugins.Giter8TemplatePlugin))), Clause(Atom(sbt.plugins.JvmPlugin),Set(Atom(sbt.plugins.MiniDependencyTreePlugin)))))
[debug]   :: deduced result: Matched(sbt.plugins.CorePlugin,sbt.plugins.Giter8TemplatePlugin,sbt.plugins.IvyPlugin,sbt.plugins.JvmPlugin,sbt.plugins.MiniDependencyTreePlugin,sbt.plugins.JUnitXmlReportPlugin,sbt.plugins.SemanticdbPlugin)
[debug] Plugins.deducer#function took 2.7038 ms
[info] loading settings for project assignment-2-attempt-2--build from idea.sbt ...
[debug]               Load.resolveProject(assignment-2-attempt-2--build) took 17.9121ms
[debug]             Load.loadTransitive: finalizeProject(Project(id assignment-2-attempt-2--build, base: D:\OneDrive - The University of Texas at Dallas\Fall\Fall 2020\CS 6350.002\Assignments\Assignment 2 (Attempt 2)\project, plugins: List(<none>))) took 21.2867ms
[debug] [Loading] Done in D:\OneDrive - The University of Texas at Dallas\Fall\Fall 2020\CS 6350.002\Assignments\Assignment 2 (Attempt 2)\project, returning: (assignment-2-attempt-2--build)
[debug]           Load.loadUnit: loadedProjectsRaw took 246.6571ms
[debug]           Load.loadUnit: cleanEvalClasses took 7.8119ms
[debug]         Load.loadUnit(file:/D:/OneDrive%20-%20The%20University%20of%20Texas%20at%20Dallas/Fall/Fall%202020/CS%206350.002/Assignments/Assignment%202%20(Attempt%202)/project/, ...) took 302.5025ms
[debug]       Load.apply: load took 306.2208ms
[debug]       Load.apply: resolveProjects took 0.2609ms
[debug]       Load.apply: finalTransforms took 15.0971ms
[debug]       Load.apply: config.delegates took 1.1948ms
[debug]       Load.apply: Def.make(settings)... took 150.2744ms
[debug]       Load.apply: structureIndex took 50.5316ms
[debug]       Load.apply: mkStreams took 0.0031ms
[info] loading project definition from D:\OneDrive - The University of Texas at Dallas\Fall\Fall 2020\CS 6350.002\Assignments\Assignment 2 (Attempt 2)\project
[debug] Running task... Cancel: Signal, check cycles: false, forcegc: true
[debug]     Load.loadUnit: plugins took 971.8936ms
[debug]     Load.loadUnit: defsScala took 0.0028ms
[debug] [Loading] Scanning directory D:\OneDrive - The University of Texas at Dallas\Fall\Fall 2020\CS 6350.002\Assignments\Assignment 2 (Attempt 2)
[debug]       Load.loadUnit: mkEval took 0.4276ms
[debug] [Loading] Found non-root projects 
[debug] [Loading] Done in D:\OneDrive - The University of Texas at Dallas\Fall\Fall 2020\CS 6350.002\Assignments\Assignment 2 (Attempt 2), returning: ()
[debug] deducing auto plugins based on known facts Set(Atom(sbt.plugins.CorePlugin)) and clauses Clauses(List(Clause(Atom(sbt.plugins.JvmPlugin),Set(Atom(sbt.plugins.IvyPlugin))), Clause(Atom(sbt.ScriptedPlugin),Set(Atom(sbt.plugins.JvmPlugin))), Clause(Atom(sbt.plugins.SbtPlugin),Set(Atom(sbt.ScriptedPlugin))), Clause(Atom(sbt.plugins.SemanticdbPlugin),Set(Atom(sbt.plugins.JvmPlugin))), Clause(Atom(sbt.plugins.JUnitXmlReportPlugin),Set(Atom(sbt.plugins.JvmPlugin))), Clause(Atom(sbt.plugins.MiniDependencyTreePlugin),Set(Atom(sbt.plugins.JvmPlugin))), Clause(Atom(org.jetbrains.sbt.StructurePlugin),Set(Atom(sbt.plugins.JvmPlugin))), Clause(Atom(org.jetbrains.sbt.IdeaShellPlugin),Set(Atom(sbt.plugins.JvmPlugin))), Clause(Atom(org.jetbrains.sbt.indices.SbtIntellijIndicesPlugin),Set(Atom(sbt.plugins.JvmPlugin))), Clause(Atom(sbt.plugins.CorePlugin),Set(Atom(sbt.plugins.IvyPlugin))), Clause(Atom(sbt.plugins.IvyPlugin),Set(Atom(sbt.plugins.JvmPlugin))), Clause(Atom(sbt.plugins.JvmPlugin),Set(Atom(sbt.plugins.SemanticdbPlugin))), Clause(Atom(sbt.plugins.JvmPlugin),Set(Atom(sbt.plugins.JUnitXmlReportPlugin))), Clause(Atom(sbt.plugins.CorePlugin),Set(Atom(sbt.plugins.Giter8TemplatePlugin))), Clause(Atom(sbt.plugins.JvmPlugin),Set(Atom(sbt.plugins.MiniDependencyTreePlugin))), Clause(Atom(sbt.plugins.JvmPlugin),Set(Atom(org.jetbrains.sbt.StructurePlugin))), Clause(Atom(sbt.plugins.JvmPlugin),Set(Atom(org.jetbrains.sbt.IdeaShellPlugin))), Clause(And(Set(Atom(sbt.plugins.CorePlugin), Atom(sbt.plugins.JvmPlugin))),Set(Atom(org.jetbrains.sbt.indices.SbtIntellijIndicesPlugin)))))
[debug]   :: deduced result: Matched(sbt.plugins.CorePlugin,sbt.plugins.Giter8TemplatePlugin,sbt.plugins.IvyPlugin,sbt.plugins.JvmPlugin,sbt.plugins.SemanticdbPlugin,org.jetbrains.sbt.indices.SbtIntellijIndicesPlugin,sbt.plugins.JUnitXmlReportPlugin,org.jetbrains.sbt.IdeaShellPlugin,org.jetbrains.sbt.StructurePlugin,sbt.plugins.MiniDependencyTreePlugin)
[debug] Plugins.deducer#function took 5.0278 ms
[info] loading settings for project assignment-2-attempt-2- from build.sbt ...
[debug]         Load.resolveProject(assignment-2-attempt-2-) took 37.0905ms
[debug]       Load.loadTransitive: finalizeProject(Project(id assignment-2-attempt-2-, base: D:\OneDrive - The University of Texas at Dallas\Fall\Fall 2020\CS 6350.002\Assignments\Assignment 2 (Attempt 2), plugins: List(<none>))) took 43.5536ms
[debug] [Loading] Done in D:\OneDrive - The University of Texas at Dallas\Fall\Fall 2020\CS 6350.002\Assignments\Assignment 2 (Attempt 2), returning: (assignment-2-attempt-2-)
[debug]     Load.loadUnit: loadedProjectsRaw took 178.412ms
[debug]     Load.loadUnit: cleanEvalClasses took 15.4167ms
[debug]   Load.loadUnit(file:/D:/OneDrive%20-%20The%20University%20of%20Texas%20at%20Dallas/Fall/Fall%202020/CS%206350.002/Assignments/Assignment%202%20(Attempt%202)/, ...) took 1166.5397ms
[debug] Load.apply: load took 1170.3503ms
[debug] Load.apply: resolveProjects took 0.1411ms
[debug] Load.apply: finalTransforms took 41.6812ms
[debug] Load.apply: config.delegates took 0.5876ms
[debug] Load.apply: Def.make(settings)... took 104.0274ms
[debug] Load.apply: structureIndex took 37.9339ms
[debug] Load.apply: mkStreams took 0.0025ms
[info] set current project to Assignment 2 (in build file:/D:/OneDrive%20-%20The%20University%20of%20Texas%20at%20Dallas/Fall/Fall%202020/CS%206350.002/Assignments/Assignment%202%20(Attempt%202)/)
[debug] > Exec(sbtPopOnFailure, None, None)
[debug] > Exec(resumeFromFailure, None, None)
[debug] > Exec(notifyUsersAboutShell, None, None)
[debug] > Exec(iflast shell, None, None)
[debug] > Exec(; set ideaPort in Global := 50768 ; idea-shell, None, None)
[debug] > Exec(set ideaPort in Global := 50768, None, None)
[info] Defining Global / ideaPort
[info] The new value will be used by Compile / compile, Test / compile
[debug] Defining 
[debug] 	Global / ideaPort
[debug] 
[debug] The new value will be used by 
[debug] 	Compile / compile
[debug] 	Test / compile
[info] Reapplying settings...
[info] set current project to Assignment 2 (in build file:/D:/OneDrive%20-%20The%20University%20of%20Texas%20at%20Dallas/Fall/Fall%202020/CS%206350.002/Assignments/Assignment%202%20(Attempt%202)/)
[debug] > Exec(idea-shell, None, None)
