[debug] > Exec(early(addDefaultCommands), None, None)
[debug] > Exec(addDefaultCommands, None, None)
[debug] > Exec(early(initialize), None, None)
[debug] > Exec(initialize, None, None)
[debug] > Exec(early(addPluginSbtFile="""C:\Users\alfre\AppData\Local\Temp\idea2.sbt"""), None, None)
[debug] > Exec(addPluginSbtFile="""C:\Users\alfre\AppData\Local\Temp\idea2.sbt""", None, None)
[debug] > Exec(boot, None, None)
[debug] > Exec(writeSbtVersion, None, None)
[debug] > Exec(reload, None, None)
[debug] > Exec(sbtStashOnFailure, None, None)
[debug] > Exec(onFailure loadFailed, None, None)
[debug] > Exec(loadp, None, None)
[info] welcome to sbt 1.4.1 (Oracle Corporation Java 1.8.0_261)
[debug]       Load.loadUnit: plugins took 168.4975ms
[debug]       Load.loadUnit: defsScala took 0.3734ms
[debug] [Loading] Scanning directory C:\Users\alfre\.sbt\1.0\plugins
[debug] [Loading] Found non-root projects 
[debug] [Loading] Done in C:\Users\alfre\.sbt\1.0\plugins, returning: ()
[debug] deducing auto plugins based on known facts Set(Atom(sbt.plugins.CorePlugin)) and clauses Clauses(List(Clause(Atom(sbt.plugins.JvmPlugin),Set(Atom(sbt.plugins.IvyPlugin))), Clause(Atom(sbt.ScriptedPlugin),Set(Atom(sbt.plugins.JvmPlugin))), Clause(Atom(sbt.plugins.SbtPlugin),Set(Atom(sbt.ScriptedPlugin))), Clause(Atom(sbt.plugins.SemanticdbPlugin),Set(Atom(sbt.plugins.JvmPlugin))), Clause(Atom(sbt.plugins.JUnitXmlReportPlugin),Set(Atom(sbt.plugins.JvmPlugin))), Clause(Atom(sbt.plugins.MiniDependencyTreePlugin),Set(Atom(sbt.plugins.JvmPlugin))), Clause(Atom(sbt.plugins.CorePlugin),Set(Atom(sbt.plugins.IvyPlugin))), Clause(Atom(sbt.plugins.IvyPlugin),Set(Atom(sbt.plugins.JvmPlugin))), Clause(Atom(sbt.plugins.JvmPlugin),Set(Atom(sbt.plugins.SemanticdbPlugin))), Clause(Atom(sbt.plugins.JvmPlugin),Set(Atom(sbt.plugins.JUnitXmlReportPlugin))), Clause(Atom(sbt.plugins.CorePlugin),Set(Atom(sbt.plugins.Giter8TemplatePlugin))), Clause(Atom(sbt.plugins.JvmPlugin),Set(Atom(sbt.plugins.MiniDependencyTreePlugin)))))
[debug]   :: deduced result: Matched(sbt.plugins.CorePlugin,sbt.plugins.Giter8TemplatePlugin,sbt.plugins.IvyPlugin,sbt.plugins.JvmPlugin,sbt.plugins.MiniDependencyTreePlugin,sbt.plugins.JUnitXmlReportPlugin,sbt.plugins.SemanticdbPlugin)
[debug] Plugins.deducer#function took 15.9368 ms
[debug]           Load.resolveProject(global-plugins) took 37.4321ms
[debug]         Load.loadTransitive: finalizeProject(Project(id global-plugins, base: C:\Users\alfre\.sbt\1.0\plugins, plugins: List(<none>))) took 79.2569ms
[debug] [Loading] Done in C:\Users\alfre\.sbt\1.0\plugins, returning: (global-plugins)
[debug]       Load.loadUnit: loadedProjectsRaw took 98.1883ms
[debug]       Load.loadUnit: cleanEvalClasses took 0.2063ms
[debug]     Load.loadUnit(file:/C:/Users/alfre/.sbt/1.0/plugins/, ...) took 273.3217ms
[debug]   Load.apply: load took 394.6287ms
[debug]   Load.apply: resolveProjects took 4.8818ms
[debug]   Load.apply: finalTransforms took 48.4187ms
[debug]   Load.apply: config.delegates took 8.179ms
[debug]   Load.apply: Def.make(settings)... took 763.3381ms
[debug]   Load.apply: structureIndex took 91.575ms
[debug]   Load.apply: mkStreams took 1.4393ms
[info] loading global plugins from C:\Users\alfre\.sbt\1.0\plugins
[debug] Running task... Cancel: Signal, check cycles: false, forcegc: true
[debug] Load.defaultLoad until apply took 2741.2077ms
[debug]           Load.loadUnit: plugins took 20.5275ms
[debug]           Load.loadUnit: defsScala took 0.0025ms
[debug] [Loading] Scanning directory D:\OneDrive - The University of Texas at Dallas\Fall\Fall 2020\CS 6350.002\Assignments\Assignment 2 (Attempt 2)\project
[debug]             Load.loadUnit: mkEval took 6.0552ms
[debug] [Loading] Found non-root projects 
[debug] [Loading] Done in D:\OneDrive - The University of Texas at Dallas\Fall\Fall 2020\CS 6350.002\Assignments\Assignment 2 (Attempt 2)\project, returning: ()
[debug] deducing auto plugins based on known facts Set(Atom(sbt.plugins.CorePlugin)) and clauses Clauses(List(Clause(Atom(sbt.plugins.JvmPlugin),Set(Atom(sbt.plugins.IvyPlugin))), Clause(Atom(sbt.ScriptedPlugin),Set(Atom(sbt.plugins.JvmPlugin))), Clause(Atom(sbt.plugins.SbtPlugin),Set(Atom(sbt.ScriptedPlugin))), Clause(Atom(sbt.plugins.SemanticdbPlugin),Set(Atom(sbt.plugins.JvmPlugin))), Clause(Atom(sbt.plugins.JUnitXmlReportPlugin),Set(Atom(sbt.plugins.JvmPlugin))), Clause(Atom(sbt.plugins.MiniDependencyTreePlugin),Set(Atom(sbt.plugins.JvmPlugin))), Clause(Atom(sbt.plugins.CorePlugin),Set(Atom(sbt.plugins.IvyPlugin))), Clause(Atom(sbt.plugins.IvyPlugin),Set(Atom(sbt.plugins.JvmPlugin))), Clause(Atom(sbt.plugins.JvmPlugin),Set(Atom(sbt.plugins.SemanticdbPlugin))), Clause(Atom(sbt.plugins.JvmPlugin),Set(Atom(sbt.plugins.JUnitXmlReportPlugin))), Clause(Atom(sbt.plugins.CorePlugin),Set(Atom(sbt.plugins.Giter8TemplatePlugin))), Clause(Atom(sbt.plugins.JvmPlugin),Set(Atom(sbt.plugins.MiniDependencyTreePlugin)))))
[debug]   :: deduced result: Matched(sbt.plugins.CorePlugin,sbt.plugins.Giter8TemplatePlugin,sbt.plugins.IvyPlugin,sbt.plugins.JvmPlugin,sbt.plugins.MiniDependencyTreePlugin,sbt.plugins.JUnitXmlReportPlugin,sbt.plugins.SemanticdbPlugin)
[debug] Plugins.deducer#function took 1.3575 ms
[info] loading settings for project assignment-2-attempt-2--build from idea2.sbt ...
[debug]               Load.resolveProject(assignment-2-attempt-2--build) took 2.4693ms
[debug]             Load.loadTransitive: finalizeProject(Project(id assignment-2-attempt-2--build, base: D:\OneDrive - The University of Texas at Dallas\Fall\Fall 2020\CS 6350.002\Assignments\Assignment 2 (Attempt 2)\project, plugins: List(<none>))) took 4.2084ms
[debug] [Loading] Done in D:\OneDrive - The University of Texas at Dallas\Fall\Fall 2020\CS 6350.002\Assignments\Assignment 2 (Attempt 2)\project, returning: (assignment-2-attempt-2--build)
[debug]           Load.loadUnit: loadedProjectsRaw took 114.8072ms
[debug]           Load.loadUnit: cleanEvalClasses took 4.8094ms
[debug]         Load.loadUnit(file:/D:/OneDrive%20-%20The%20University%20of%20Texas%20at%20Dallas/Fall/Fall%202020/CS%206350.002/Assignments/Assignment%202%20(Attempt%202)/project/, ...) took 141.6199ms
[debug]       Load.apply: load took 143.3403ms
[debug]       Load.apply: resolveProjects took 0.0849ms
[debug]       Load.apply: finalTransforms took 10.4771ms
[debug]       Load.apply: config.delegates took 0.32ms
[debug]       Load.apply: Def.make(settings)... took 69.8938ms
[debug]       Load.apply: structureIndex took 24.7366ms
[debug]       Load.apply: mkStreams took 0.0024ms
[info] loading project definition from D:\OneDrive - The University of Texas at Dallas\Fall\Fall 2020\CS 6350.002\Assignments\Assignment 2 (Attempt 2)\project
[debug] Running task... Cancel: Signal, check cycles: false, forcegc: true
[debug]     Load.loadUnit: plugins took 506.5922ms
[debug]     Load.loadUnit: defsScala took 0.0035ms
[debug] [Loading] Scanning directory D:\OneDrive - The University of Texas at Dallas\Fall\Fall 2020\CS 6350.002\Assignments\Assignment 2 (Attempt 2)
[debug]       Load.loadUnit: mkEval took 0.3862ms
[debug] [Loading] Found non-root projects 
[debug] [Loading] Done in D:\OneDrive - The University of Texas at Dallas\Fall\Fall 2020\CS 6350.002\Assignments\Assignment 2 (Attempt 2), returning: ()
[debug] deducing auto plugins based on known facts Set(Atom(sbt.plugins.CorePlugin)) and clauses Clauses(List(Clause(Atom(sbt.plugins.JvmPlugin),Set(Atom(sbt.plugins.IvyPlugin))), Clause(Atom(sbt.ScriptedPlugin),Set(Atom(sbt.plugins.JvmPlugin))), Clause(Atom(sbt.plugins.SbtPlugin),Set(Atom(sbt.ScriptedPlugin))), Clause(Atom(sbt.plugins.SemanticdbPlugin),Set(Atom(sbt.plugins.JvmPlugin))), Clause(Atom(sbt.plugins.JUnitXmlReportPlugin),Set(Atom(sbt.plugins.JvmPlugin))), Clause(Atom(sbt.plugins.MiniDependencyTreePlugin),Set(Atom(sbt.plugins.JvmPlugin))), Clause(Atom(org.jetbrains.sbt.StructurePlugin),Set(Atom(sbt.plugins.JvmPlugin))), Clause(Atom(org.jetbrains.sbt.IdeaShellPlugin),Set(Atom(sbt.plugins.JvmPlugin))), Clause(Atom(org.jetbrains.sbt.indices.SbtIntellijIndicesPlugin),Set(Atom(sbt.plugins.JvmPlugin))), Clause(Atom(sbt.plugins.CorePlugin),Set(Atom(sbt.plugins.IvyPlugin))), Clause(Atom(sbt.plugins.IvyPlugin),Set(Atom(sbt.plugins.JvmPlugin))), Clause(Atom(sbt.plugins.JvmPlugin),Set(Atom(sbt.plugins.SemanticdbPlugin))), Clause(Atom(sbt.plugins.JvmPlugin),Set(Atom(sbt.plugins.JUnitXmlReportPlugin))), Clause(Atom(sbt.plugins.CorePlugin),Set(Atom(sbt.plugins.Giter8TemplatePlugin))), Clause(Atom(sbt.plugins.JvmPlugin),Set(Atom(sbt.plugins.MiniDependencyTreePlugin))), Clause(Atom(sbt.plugins.JvmPlugin),Set(Atom(org.jetbrains.sbt.StructurePlugin))), Clause(Atom(sbt.plugins.JvmPlugin),Set(Atom(org.jetbrains.sbt.IdeaShellPlugin))), Clause(And(Set(Atom(sbt.plugins.CorePlugin), Atom(sbt.plugins.JvmPlugin))),Set(Atom(org.jetbrains.sbt.indices.SbtIntellijIndicesPlugin)))))
[debug]   :: deduced result: Matched(sbt.plugins.CorePlugin,sbt.plugins.Giter8TemplatePlugin,sbt.plugins.IvyPlugin,sbt.plugins.JvmPlugin,sbt.plugins.SemanticdbPlugin,org.jetbrains.sbt.indices.SbtIntellijIndicesPlugin,sbt.plugins.JUnitXmlReportPlugin,org.jetbrains.sbt.IdeaShellPlugin,org.jetbrains.sbt.StructurePlugin,sbt.plugins.MiniDependencyTreePlugin)
[debug] Plugins.deducer#function took 1.7781 ms
[info] loading settings for project assignment-2-attempt-2- from build.sbt ...
[debug]         Load.resolveProject(assignment-2-attempt-2-) took 31.816ms
[debug]       Load.loadTransitive: finalizeProject(Project(id assignment-2-attempt-2-, base: D:\OneDrive - The University of Texas at Dallas\Fall\Fall 2020\CS 6350.002\Assignments\Assignment 2 (Attempt 2), plugins: List(<none>))) took 34.5095ms
[debug] [Loading] Done in D:\OneDrive - The University of Texas at Dallas\Fall\Fall 2020\CS 6350.002\Assignments\Assignment 2 (Attempt 2), returning: (assignment-2-attempt-2-)
[debug]     Load.loadUnit: loadedProjectsRaw took 105.1358ms
[debug]     Load.loadUnit: cleanEvalClasses took 9.3492ms
[debug]   Load.loadUnit(file:/D:/OneDrive%20-%20The%20University%20of%20Texas%20at%20Dallas/Fall/Fall%202020/CS%206350.002/Assignments/Assignment%202%20(Attempt%202)/, ...) took 621.5672ms
[debug] Load.apply: load took 623.6333ms
[debug] Load.apply: resolveProjects took 0.1493ms
[debug] Load.apply: finalTransforms took 17.8331ms
[debug] Load.apply: config.delegates took 0.2819ms
[debug] Load.apply: Def.make(settings)... took 60.5133ms
[debug] Load.apply: structureIndex took 19.5757ms
[debug] Load.apply: mkStreams took 0.0025ms
[info] set current project to Assignment 2 (in build file:/D:/OneDrive%20-%20The%20University%20of%20Texas%20at%20Dallas/Fall/Fall%202020/CS%206350.002/Assignments/Assignment%202%20(Attempt%202)/)
[debug] > Exec(sbtPopOnFailure, None, None)
[debug] > Exec(resumeFromFailure, None, None)
[debug] > Exec(notifyUsersAboutShell, None, None)
[debug] > Exec(iflast shell, None, None)
[debug] > Exec(; set ideaPort in Global := 59604 ; idea-shell, None, None)
[debug] > Exec(set ideaPort in Global := 59604, None, None)
[info] Defining Global / ideaPort
[info] The new value will be used by Compile / compile, Test / compile
[debug] Defining 
[debug] 	Global / ideaPort
[debug] 
[debug] The new value will be used by 
[debug] 	Compile / compile
[debug] 	Test / compile
[info] Reapplying settings...
[info] set current project to Assignment 2 (in build file:/D:/OneDrive%20-%20The%20University%20of%20Texas%20at%20Dallas/Fall/Fall%202020/CS%206350.002/Assignments/Assignment%202%20(Attempt%202)/)
[debug] > Exec(idea-shell, None, None)
