[debug] > Exec(early(addDefaultCommands), None, None)
[debug] > Exec(addDefaultCommands, None, None)
[debug] > Exec(early(initialize), None, None)
[debug] > Exec(initialize, None, None)
[debug] > Exec(early(addPluginSbtFile="""C:\Users\alfre\AppData\Local\Temp\idea.sbt"""), None, None)
[debug] > Exec(addPluginSbtFile="""C:\Users\alfre\AppData\Local\Temp\idea.sbt""", None, None)
[debug] > Exec(boot, None, None)
[debug] > Exec(writeSbtVersion, None, None)
[debug] > Exec(reload, None, None)
[debug] > Exec(sbtStashOnFailure, None, None)
[debug] > Exec(onFailure loadFailed, None, None)
[debug] > Exec(loadp, None, None)
[info] welcome to sbt 1.4.1 (Oracle Corporation Java 1.8.0_261)
[debug]       Load.loadUnit: plugins took 170.4963ms
[debug]       Load.loadUnit: defsScala took 0.4802ms
[debug] [Loading] Scanning directory C:\Users\alfre\.sbt\1.0\plugins
[debug] [Loading] Found non-root projects 
[debug] [Loading] Done in C:\Users\alfre\.sbt\1.0\plugins, returning: ()
[debug] deducing auto plugins based on known facts Set(Atom(sbt.plugins.CorePlugin)) and clauses Clauses(List(Clause(Atom(sbt.plugins.JvmPlugin),Set(Atom(sbt.plugins.IvyPlugin))), Clause(Atom(sbt.ScriptedPlugin),Set(Atom(sbt.plugins.JvmPlugin))), Clause(Atom(sbt.plugins.SbtPlugin),Set(Atom(sbt.ScriptedPlugin))), Clause(Atom(sbt.plugins.SemanticdbPlugin),Set(Atom(sbt.plugins.JvmPlugin))), Clause(Atom(sbt.plugins.JUnitXmlReportPlugin),Set(Atom(sbt.plugins.JvmPlugin))), Clause(Atom(sbt.plugins.MiniDependencyTreePlugin),Set(Atom(sbt.plugins.JvmPlugin))), Clause(Atom(sbt.plugins.CorePlugin),Set(Atom(sbt.plugins.IvyPlugin))), Clause(Atom(sbt.plugins.IvyPlugin),Set(Atom(sbt.plugins.JvmPlugin))), Clause(Atom(sbt.plugins.JvmPlugin),Set(Atom(sbt.plugins.SemanticdbPlugin))), Clause(Atom(sbt.plugins.JvmPlugin),Set(Atom(sbt.plugins.JUnitXmlReportPlugin))), Clause(Atom(sbt.plugins.CorePlugin),Set(Atom(sbt.plugins.Giter8TemplatePlugin))), Clause(Atom(sbt.plugins.JvmPlugin),Set(Atom(sbt.plugins.MiniDependencyTreePlugin)))))
[debug]   :: deduced result: Matched(sbt.plugins.CorePlugin,sbt.plugins.Giter8TemplatePlugin,sbt.plugins.IvyPlugin,sbt.plugins.JvmPlugin,sbt.plugins.MiniDependencyTreePlugin,sbt.plugins.JUnitXmlReportPlugin,sbt.plugins.SemanticdbPlugin)
[debug] Plugins.deducer#function took 20.2623 ms
[debug]           Load.resolveProject(global-plugins) took 41.3793ms
[debug]         Load.loadTransitive: finalizeProject(Project(id global-plugins, base: C:\Users\alfre\.sbt\1.0\plugins, plugins: List(<none>))) took 86.9441ms
[debug] [Loading] Done in C:\Users\alfre\.sbt\1.0\plugins, returning: (global-plugins)
[debug]       Load.loadUnit: loadedProjectsRaw took 108.431ms
[debug]       Load.loadUnit: cleanEvalClasses took 0.2624ms
[debug]     Load.loadUnit(file:/C:/Users/alfre/.sbt/1.0/plugins/, ...) took 287.9537ms
[debug]   Load.apply: load took 430.6229ms
[debug]   Load.apply: resolveProjects took 6.1816ms
[debug]   Load.apply: finalTransforms took 57.1289ms
[debug]   Load.apply: config.delegates took 7.583ms
[debug]   Load.apply: Def.make(settings)... took 691.444ms
[debug]   Load.apply: structureIndex took 102.447ms
[debug]   Load.apply: mkStreams took 1.4669ms
[info] loading global plugins from C:\Users\alfre\.sbt\1.0\plugins
[debug] Running task... Cancel: Signal, check cycles: false, forcegc: true
[debug] Load.defaultLoad until apply took 2799.8375ms
[debug]           Load.loadUnit: plugins took 25.5481ms
[debug]           Load.loadUnit: defsScala took 0.0105ms
[debug] [Loading] Scanning directory D:\OneDrive - The University of Texas at Dallas\Fall\Fall 2020\CS 6350.002\Assignments\Assignment 2 (Attempt 2)\project
[debug]             Load.loadUnit: mkEval took 6.413ms
[debug] [Loading] Found non-root projects 
[debug] [Loading] Done in D:\OneDrive - The University of Texas at Dallas\Fall\Fall 2020\CS 6350.002\Assignments\Assignment 2 (Attempt 2)\project, returning: ()
[debug] deducing auto plugins based on known facts Set(Atom(sbt.plugins.CorePlugin)) and clauses Clauses(List(Clause(Atom(sbt.plugins.JvmPlugin),Set(Atom(sbt.plugins.IvyPlugin))), Clause(Atom(sbt.ScriptedPlugin),Set(Atom(sbt.plugins.JvmPlugin))), Clause(Atom(sbt.plugins.SbtPlugin),Set(Atom(sbt.ScriptedPlugin))), Clause(Atom(sbt.plugins.SemanticdbPlugin),Set(Atom(sbt.plugins.JvmPlugin))), Clause(Atom(sbt.plugins.JUnitXmlReportPlugin),Set(Atom(sbt.plugins.JvmPlugin))), Clause(Atom(sbt.plugins.MiniDependencyTreePlugin),Set(Atom(sbt.plugins.JvmPlugin))), Clause(Atom(sbt.plugins.CorePlugin),Set(Atom(sbt.plugins.IvyPlugin))), Clause(Atom(sbt.plugins.IvyPlugin),Set(Atom(sbt.plugins.JvmPlugin))), Clause(Atom(sbt.plugins.JvmPlugin),Set(Atom(sbt.plugins.SemanticdbPlugin))), Clause(Atom(sbt.plugins.JvmPlugin),Set(Atom(sbt.plugins.JUnitXmlReportPlugin))), Clause(Atom(sbt.plugins.CorePlugin),Set(Atom(sbt.plugins.Giter8TemplatePlugin))), Clause(Atom(sbt.plugins.JvmPlugin),Set(Atom(sbt.plugins.MiniDependencyTreePlugin)))))
[debug]   :: deduced result: Matched(sbt.plugins.CorePlugin,sbt.plugins.Giter8TemplatePlugin,sbt.plugins.IvyPlugin,sbt.plugins.JvmPlugin,sbt.plugins.MiniDependencyTreePlugin,sbt.plugins.JUnitXmlReportPlugin,sbt.plugins.SemanticdbPlugin)
[debug] Plugins.deducer#function took 1.2106 ms
[info] loading settings for project assignment-2-attempt-2--build from idea.sbt ...
[debug]               Load.resolveProject(assignment-2-attempt-2--build) took 6.0739ms
[debug]             Load.loadTransitive: finalizeProject(Project(id assignment-2-attempt-2--build, base: D:\OneDrive - The University of Texas at Dallas\Fall\Fall 2020\CS 6350.002\Assignments\Assignment 2 (Attempt 2)\project, plugins: List(<none>))) took 7.6784ms
[debug] [Loading] Done in D:\OneDrive - The University of Texas at Dallas\Fall\Fall 2020\CS 6350.002\Assignments\Assignment 2 (Attempt 2)\project, returning: (assignment-2-attempt-2--build)
[debug]           Load.loadUnit: loadedProjectsRaw took 123.8338ms
[debug]           Load.loadUnit: cleanEvalClasses took 5.7673ms
[debug]         Load.loadUnit(file:/D:/OneDrive%20-%20The%20University%20of%20Texas%20at%20Dallas/Fall/Fall%202020/CS%206350.002/Assignments/Assignment%202%20(Attempt%202)/project/, ...) took 156.7983ms
[debug]       Load.apply: load took 158.576ms
[debug]       Load.apply: resolveProjects took 0.0927ms
[debug]       Load.apply: finalTransforms took 9.0472ms
[debug]       Load.apply: config.delegates took 0.4408ms
[debug]       Load.apply: Def.make(settings)... took 77.9367ms
[debug]       Load.apply: structureIndex took 26.9311ms
[debug]       Load.apply: mkStreams took 0.0024ms
[info] loading project definition from D:\OneDrive - The University of Texas at Dallas\Fall\Fall 2020\CS 6350.002\Assignments\Assignment 2 (Attempt 2)\project
[debug] Running task... Cancel: Signal, check cycles: false, forcegc: true
[debug]     Load.loadUnit: plugins took 2215.2247ms
[debug]     Load.loadUnit: defsScala took 0.0023ms
[debug] [Loading] Scanning directory D:\OneDrive - The University of Texas at Dallas\Fall\Fall 2020\CS 6350.002\Assignments\Assignment 2 (Attempt 2)
[debug]       Load.loadUnit: mkEval took 0.3861ms
[debug] [Loading] Found non-root projects 
[debug] [Loading] Done in D:\OneDrive - The University of Texas at Dallas\Fall\Fall 2020\CS 6350.002\Assignments\Assignment 2 (Attempt 2), returning: ()
[debug] deducing auto plugins based on known facts Set(Atom(sbt.plugins.CorePlugin)) and clauses Clauses(List(Clause(Atom(sbt.plugins.JvmPlugin),Set(Atom(sbt.plugins.IvyPlugin))), Clause(Atom(sbt.ScriptedPlugin),Set(Atom(sbt.plugins.JvmPlugin))), Clause(Atom(sbt.plugins.SbtPlugin),Set(Atom(sbt.ScriptedPlugin))), Clause(Atom(sbt.plugins.SemanticdbPlugin),Set(Atom(sbt.plugins.JvmPlugin))), Clause(Atom(sbt.plugins.JUnitXmlReportPlugin),Set(Atom(sbt.plugins.JvmPlugin))), Clause(Atom(sbt.plugins.MiniDependencyTreePlugin),Set(Atom(sbt.plugins.JvmPlugin))), Clause(Atom(org.jetbrains.sbt.StructurePlugin),Set(Atom(sbt.plugins.JvmPlugin))), Clause(Atom(org.jetbrains.sbt.IdeaShellPlugin),Set(Atom(sbt.plugins.JvmPlugin))), Clause(Atom(org.jetbrains.sbt.indices.SbtIntellijIndicesPlugin),Set(Atom(sbt.plugins.JvmPlugin))), Clause(Atom(sbt.plugins.CorePlugin),Set(Atom(sbt.plugins.IvyPlugin))), Clause(Atom(sbt.plugins.IvyPlugin),Set(Atom(sbt.plugins.JvmPlugin))), Clause(Atom(sbt.plugins.JvmPlugin),Set(Atom(sbt.plugins.SemanticdbPlugin))), Clause(Atom(sbt.plugins.JvmPlugin),Set(Atom(sbt.plugins.JUnitXmlReportPlugin))), Clause(Atom(sbt.plugins.CorePlugin),Set(Atom(sbt.plugins.Giter8TemplatePlugin))), Clause(Atom(sbt.plugins.JvmPlugin),Set(Atom(sbt.plugins.MiniDependencyTreePlugin))), Clause(Atom(sbt.plugins.JvmPlugin),Set(Atom(org.jetbrains.sbt.StructurePlugin))), Clause(Atom(sbt.plugins.JvmPlugin),Set(Atom(org.jetbrains.sbt.IdeaShellPlugin))), Clause(And(Set(Atom(sbt.plugins.CorePlugin), Atom(sbt.plugins.JvmPlugin))),Set(Atom(org.jetbrains.sbt.indices.SbtIntellijIndicesPlugin)))))
[debug]   :: deduced result: Matched(sbt.plugins.CorePlugin,sbt.plugins.Giter8TemplatePlugin,sbt.plugins.IvyPlugin,sbt.plugins.JvmPlugin,sbt.plugins.SemanticdbPlugin,org.jetbrains.sbt.indices.SbtIntellijIndicesPlugin,sbt.plugins.JUnitXmlReportPlugin,org.jetbrains.sbt.IdeaShellPlugin,org.jetbrains.sbt.StructurePlugin,sbt.plugins.MiniDependencyTreePlugin)
[debug] Plugins.deducer#function took 1.4039 ms
[info] loading settings for project assignment-2-attempt-2- from build.sbt ...
[debug]         Load.resolveProject(assignment-2-attempt-2-) took 33.6294ms
[debug]       Load.loadTransitive: finalizeProject(Project(id assignment-2-attempt-2-, base: D:\OneDrive - The University of Texas at Dallas\Fall\Fall 2020\CS 6350.002\Assignments\Assignment 2 (Attempt 2), plugins: List(<none>))) took 36.0326ms
[debug] [Loading] Done in D:\OneDrive - The University of Texas at Dallas\Fall\Fall 2020\CS 6350.002\Assignments\Assignment 2 (Attempt 2), returning: (assignment-2-attempt-2-)
[debug]     Load.loadUnit: loadedProjectsRaw took 2453.9111ms
[debug]     Load.loadUnit: cleanEvalClasses took 27.4243ms
[debug]   Load.loadUnit(file:/D:/OneDrive%20-%20The%20University%20of%20Texas%20at%20Dallas/Fall/Fall%202020/CS%206350.002/Assignments/Assignment%202%20(Attempt%202)/, ...) took 4697.1391ms
[debug] Load.apply: load took 4699.6346ms
[debug] Load.apply: resolveProjects took 0.108ms
[debug] Load.apply: finalTransforms took 20.3736ms
[debug] Load.apply: config.delegates took 0.2404ms
[debug] Load.apply: Def.make(settings)... took 53.2922ms
[debug] Load.apply: structureIndex took 16.6784ms
[debug] Load.apply: mkStreams took 0.0027ms
[info] set current project to Assignment 2 (in build file:/D:/OneDrive%20-%20The%20University%20of%20Texas%20at%20Dallas/Fall/Fall%202020/CS%206350.002/Assignments/Assignment%202%20(Attempt%202)/)
[debug] > Exec(sbtPopOnFailure, None, None)
[debug] > Exec(resumeFromFailure, None, None)
[debug] > Exec(notifyUsersAboutShell, None, None)
[debug] > Exec(iflast shell, None, None)
[debug] > Exec(; set ideaPort in Global := 52508 ; idea-shell, None, None)
[debug] > Exec(set ideaPort in Global := 52508, None, None)
[info] Defining Global / ideaPort
[info] The new value will be used by Compile / compile, Test / compile
[debug] Defining 
[debug] 	Global / ideaPort
[debug] 
[debug] The new value will be used by 
[debug] 	Compile / compile
[debug] 	Test / compile
[info] Reapplying settings...
[info] set current project to Assignment 2 (in build file:/D:/OneDrive%20-%20The%20University%20of%20Texas%20at%20Dallas/Fall/Fall%202020/CS%206350.002/Assignments/Assignment%202%20(Attempt%202)/)
[debug] > Exec(idea-shell, None, None)
